|-----------------------------------------------------------------------------------------------|
| PAT_NAME                                | RUN_DATE                      | RESULT              |
|-----------------------------------------------------------------------------------------------|
| TCR                                     | 14:25:12 Feb 13 2026          | PASSED              |
|-----------------------------------------------------------------------------------------------|
| TDR0                                    | 14:25:14 Feb 13 2026          | PASSED              |
|-----------------------------------------------------------------------------------------------|
| TDR1                                    | 14:25:16 Feb 13 2026          | PASSED              |
|-----------------------------------------------------------------------------------------------|
| TCMP0                                   | 14:25:17 Feb 13 2026          | PASSED              |
|-----------------------------------------------------------------------------------------------|
| TCMP1                                   | 14:25:19 Feb 13 2026          | PASSED              |
|-----------------------------------------------------------------------------------------------|
| TIER                                    | 14:25:21 Feb 13 2026          | PASSED              |
|-----------------------------------------------------------------------------------------------|
| TISR                                    | 14:25:23 Feb 13 2026          | PASSED              |
|-----------------------------------------------------------------------------------------------|
| THCSR                                   | 14:25:24 Feb 13 2026          | PASSED              |
|-----------------------------------------------------------------------------------------------|
| Reserved_Test                           | 14:25:26 Feb 13 2026          | PASSED              |
|-----------------------------------------------------------------------------------------------|
| Counting                                | 14:25:28 Feb 13 2026          | PASSED              |
|-----------------------------------------------------------------------------------------------|
| Cnt_halt                                | 14:25:30 Feb 13 2026          | PASSED              |
|-----------------------------------------------------------------------------------------------|
| Apb                                     | 14:25:31 Feb 13 2026          | PASSED              |
|-----------------------------------------------------------------------------------------------|
| Interrupt                               | 14:25:33 Feb 13 2026          | PASSED              |
|-----------------------------------------------------------------------------------------------|
| Cnt_enVal_10                            | 14:25:35 Feb 13 2026          | PASSED              |
|-----------------------------------------------------------------------------------------------|
| Cnt_enVal_11                            | 14:25:37 Feb 13 2026          | PASSED              |
|-----------------------------------------------------------------------------------------------|
| Cnt_enVal_12                            | 14:25:38 Feb 13 2026          | PASSED              |
|-----------------------------------------------------------------------------------------------|
| Cnt_enVal_13                            | 14:25:40 Feb 13 2026          | PASSED              |
|-----------------------------------------------------------------------------------------------|
| Cnt_enVal_14                            | 14:25:42 Feb 13 2026          | PASSED              |
|-----------------------------------------------------------------------------------------------|
| Cnt_enVal_15                            | 14:25:43 Feb 13 2026          | PASSED              |
|-----------------------------------------------------------------------------------------------|
| Cnt_enVal_16                            | 14:25:45 Feb 13 2026          | PASSED              |
|-----------------------------------------------------------------------------------------------|
| Cnt_enVal_17                            | 14:25:47 Feb 13 2026          | PASSED              |
|-----------------------------------------------------------------------------------------------|
| Cnt_enVal_18                            | 14:25:49 Feb 13 2026          | PASSED              |
|-----------------------------------------------------------------------------------------------|
| Cnt_enVal_res                           | 14:25:51 Feb 13 2026          | PASSED              |
|-----------------------------------------------------------------------------------------------|
TOTAL/PASSED/REMAIN:23/23/0
