# vsim -debugDB -coverage -l Cnt_enVal_res.log -c test_bench -voptargs="+access+cover=bcesft" -assertdebug -do "coverage save -onexit Cnt_enVal_res.ucdb; log -r /*;run -all" 
# Start time: 16:39:19 on Feb 13,2026
# ** Note: (vsim-3813) Design is being optimized due to module recompilation...
# ** Note: (vsim-8611) Generating debug db.
# ** Warning: (vopt-4308) Enabling visibility using +acc is recommended with debug flow.
# ** Note: (vsim-12126) Error and warning message counts have been restored: Errors=0, Warnings=1.
# //  Questa Intel Starter FPGA Edition-64
# //  Version 2024.3 linux_x86_64 Sep 10 2024
# //
# // Unpublished work. Copyright 2024 Siemens
# //
# // This material contains trade secrets or otherwise confidential information
# // owned by Siemens Industry Software Inc. or its affiliates (collectively,
# // "SISW"), or its licensors. Access to and use of this information is strictly
# // limited as set forth in the Customer's applicable agreements with SISW.
# //
# // This material may not be copied, distributed, or otherwise disclosed outside
# // of the Customer's facilities without the express written permission of SISW,
# // and may not be used in any way not expressly authorized by SISW.
# //
# Loading work.test_bench(fast)
# Loading work.timer_top(fast)
# Loading work.apbif(fast)
# Loading work.regset(fast)
# Loading work.cnt_ctrl(fast)
# Loading work.counter(fast)
# ** Note: (vsim-8900) Creating design debug database vsim.dbg.
# coverage save -onexit Cnt_enVal_res.ucdb
#  log -r /*
# run -all
# =================================================================================================
# ------------------------------ COUNTER CHECK (EN_VAL = 1_reserved) --------------------------------
# =================================================================================================
# [PASS]: Correct bound count in (reserved) control mode, 32'hffff_ff00, apb blocking TCR, TCR = 32'h0000_0000
# TEST PASSED
# ** Note: $finish    : ../tb/test_bench.v(77)
#    Time: 26775 ns  Iteration: 0  Instance: /test_bench
# Saving coverage database on exit...
# End time: 16:39:20 on Feb 13,2026, Elapsed time: 0:00:01
# Errors: 0, Warnings: 1
